2014-07-07 20:53:26 ==> 500 - Internet Server Error ! ERROR(500):  load  library app_config.php failed ,file ./app/s/APP/s/app_config.php.php or ./app/s/APP/s/app_config.php.class.php does not exists 
2014-07-07 20:53:26 ==> 500 - Internet Server Error ! ERROR(500):  load  library app_config.php failed ,file ./app/s/APP/s/app_config.php.php or ./app/s/APP/s/app_config.php.class.php does not exists 
2014-07-07 20:53:52 ==> 500 - Internet Server Error ! ERROR(500):  load  library app_config.php failed ,file ./app/s/app_config.php.php or ./app/s/app_config.php.class.php does not exists 
2014-07-07 20:53:52 ==> 500 - Internet Server Error ! ERROR(500):  load  library app_config.php failed ,file ./app/s/app_config.php.php or ./app/s/app_config.php.class.php does not exists 
2014-07-07 20:54:01 ==> An error occurred at D:\php\htdocs\app\s\core.php on line 11 ERROR(8):  Undefined index: regex_router
2014-07-07 20:54:30 ==> An error occurred at D:\php\htdocs\app\s\core.php on line 11 ERROR(8):  Undefined index: regex_router
2014-07-07 20:54:30 ==> An error occurred at D:\php\htdocs\app\s\core.php on line 11 ERROR(8):  Undefined index: regex_router
2014-07-07 20:54:30 ==> An error occurred at D:\php\htdocs\app\s\core.php on line 11 ERROR(8):  Undefined index: regex_router
2014-07-07 21:07:41 ==> 404 - Request Page Not Found ! ERROR(404):  Error controller name ! 
2014-07-07 21:07:47 ==> 404 - Request Page Not Found ! ERROR(404):  the controller file D:\php\htdocs/app/c/index.php does not exists
2014-07-07 21:15:12 ==> 404 - Request Page Not Found ! ERROR(404):  Error controller name ! 
2014-07-07 21:15:16 ==> 404 - Request Page Not Found ! ERROR(404):  Error controller name ! 
2014-07-07 21:15:28 ==> 404 - Request Page Not Found ! ERROR(404):  Error controller name ! 
2014-07-07 21:15:32 ==> 404 - Request Page Not Found ! ERROR(404):  Error controller name ! 
2014-07-07 21:15:36 ==> 404 - Request Page Not Found ! ERROR(404):  Error controller name ! 
2014-07-07 21:15:40 ==> 404 - Request Page Not Found ! ERROR(404):  Error controller name ! 
2014-07-07 21:15:41 ==> 404 - Request Page Not Found ! ERROR(404):  Error controller name ! 
2014-07-07 21:15:44 ==> 404 - Request Page Not Found ! ERROR(404):  Error controller name ! 
2014-07-07 21:15:47 ==> 404 - Request Page Not Found ! ERROR(404):  Error controller name ! 
2014-07-07 21:15:52 ==> 404 - Request Page Not Found ! ERROR(404):  Error controller name ! 
2014-07-07 21:15:54 ==> 404 - Request Page Not Found ! ERROR(404):  Error controller name ! 
2014-07-07 21:15:56 ==> 404 - Request Page Not Found ! ERROR(404):  Error controller name ! 
2014-07-07 21:15:57 ==> 404 - Request Page Not Found ! ERROR(404):  Error controller name ! 
2014-07-07 21:15:59 ==> 404 - Request Page Not Found ! ERROR(404):  Error controller name ! 
2014-07-07 21:16:03 ==> 404 - Request Page Not Found ! ERROR(404):  Error controller name ! 
2014-07-07 21:16:04 ==> 404 - Request Page Not Found ! ERROR(404):  Error controller name ! 
2014-07-07 21:16:11 ==> 404 - Request Page Not Found ! ERROR(404):  Error controller name ! 
2014-07-07 21:16:20 ==> 404 - Request Page Not Found ! ERROR(404):  Error controller name ! 
2014-07-07 21:16:23 ==> 404 - Request Page Not Found ! ERROR(404):  Error controller name ! 
2014-07-07 21:16:25 ==> 404 - Request Page Not Found ! ERROR(404):  Error controller name ! 
2014-07-07 21:16:27 ==> 404 - Request Page Not Found ! ERROR(404):  Error controller name ! 
2014-07-07 21:16:30 ==> 404 - Request Page Not Found ! ERROR(404):  Error controller name ! 
2014-07-07 21:16:35 ==> 404 - Request Page Not Found ! ERROR(404):  Error controller name ! 
2014-07-07 21:16:37 ==> 404 - Request Page Not Found ! ERROR(404):  Error controller name ! 
2014-07-07 21:16:38 ==> 404 - Request Page Not Found ! ERROR(404):  Error controller name ! 
2014-07-07 21:17:37 ==> 404 - Request Page Not Found ! ERROR(404):  Error controller name ! 
2014-07-07 21:17:40 ==> 404 - Request Page Not Found ! ERROR(404):  Error controller name ! 
2014-07-07 21:17:47 ==> 404 - Request Page Not Found ! ERROR(404):  Error controller name ! 
2014-07-07 21:17:49 ==> 404 - Request Page Not Found ! ERROR(404):  Error controller name ! 
2014-07-07 21:17:51 ==> 404 - Request Page Not Found ! ERROR(404):  Error controller name ! 
2014-07-07 21:17:54 ==> 404 - Request Page Not Found ! ERROR(404):  Error controller name ! 
2014-07-07 21:17:57 ==> 404 - Request Page Not Found ! ERROR(404):  Error controller name ! 
2014-07-07 21:18:01 ==> 404 - Request Page Not Found ! ERROR(404):  Error controller name ! 
2014-07-07 21:18:04 ==> 404 - Request Page Not Found ! ERROR(404):  Error controller name ! 
2014-07-07 21:18:23 ==> 404 - Request Page Not Found ! ERROR(404):  Error controller name ! 
2014-07-07 21:18:25 ==> 404 - Request Page Not Found ! ERROR(404):  Error controller name ! 
2014-07-07 21:19:32 ==> 500 - Internet Server Error ! ERROR(500):  Can not autoload class file base.php
2014-07-07 21:19:38 ==> 404 - Request Page Not Found ! ERROR(404):  Error controller name ! 
2014-07-07 21:19:57 ==> 404 - Request Page Not Found ! ERROR(404):  Error controller name ! 
2014-07-07 21:19:58 ==> 404 - Request Page Not Found ! ERROR(404):  Error controller name ! 
2014-07-07 21:19:59 ==> 404 - Request Page Not Found ! ERROR(404):  Error controller name ! 
2014-07-07 23:45:28 ==> An error occurred at D:\php\htdocs\app\s\class\image.class.php on line 35 ERROR(8):  Undefined variable: L
2014-07-07 23:45:29 ==> An error occurred at D:\php\htdocs\app\s\class\image.class.php on line 35 ERROR(8):  Undefined variable: v
