2014-07-05 11:46:46 ==> 500 - Internet Server Error ! ERROR(500):  run sql [ SELECT * FROM read WHERE id=1  ] error :<br> SQLSTATE[42000]: Syntax error or access violation: 1064 You have an error in your SQL syntax; check the manual that corresponds to your MySQL server version for the right syntax to use near 'read WHERE id=1' at line 1
2014-07-05 11:48:06 ==> 500 - Internet Server Error ! ERROR(500):  run sql [ SELECT * FROM ``read`` WHERE id=1  ] error :<br> SQLSTATE[42000]: Syntax error or access violation: 1064 You have an error in your SQL syntax; check the manual that corresponds to your MySQL server version for the right syntax to use near 'read`` WHERE id=1' at line 1
2014-07-05 11:57:32 ==> An error occurred at D:\php\htdocs\app\s\class\cache.class.php on line 221 ERROR(2):  MemcachePool::get(): Invalid key
2014-07-05 11:58:59 ==> An error occurred at D:\php\htdocs\app\s\class\cache.class.php on line 221 ERROR(2):  MemcachePool::get(): Invalid key
2014-07-05 14:28:59 ==> An error occurred at D:\php\htdocs\app\v\test.php on line 2 ERROR(8):  Undefined variable: a
2014-07-05 14:29:55 ==> An error occurred at D:\php\htdocs\app\c\home.php on line 64 ERROR(8):  Undefined variable: data
2014-07-05 14:30:06 ==> An error occurred at D:\php\htdocs\app\c\home.php on line 64 ERROR(8):  Undefined variable: data
2014-07-05 14:30:08 ==> An error occurred at D:\php\htdocs\app\c\home.php on line 64 ERROR(8):  Undefined variable: data
2014-07-05 15:31:04 ==> An error occurred at D:\php\htdocs\app\s\class\cache.class.php on line 182 ERROR(2):  Invalid argument supplied for foreach()
2014-07-05 15:33:15 ==> An error occurred at D:\php\htdocs\app\s\class\cache.class.php on line 268 ERROR(8):  Undefined variable: self
2014-07-05 15:33:33 ==> An error occurred at D:\php\htdocs\app\s\class\cache.class.php on line 268 ERROR(8):  Undefined variable: self
2014-07-05 15:46:50 ==> 404 - Request Page Not Found ! ERROR(404):  the controller file ./app/c/user.php does not exists
2014-07-05 15:47:41 ==> 404 - Request Page Not Found ! ERROR(404):  the controller file ./app/c/user.php does not exists
2014-07-05 15:49:29 ==> 500 - Internet Server Error ! ERROR(500):  Autoload file ./app/c/user.php successfully,but not found class user
2014-07-05 15:50:00 ==> An error occurred at D:\php\htdocs\app\s\core.php on line 210 ERROR(2):  is_dir() expects exactly 1 parameter, 0 given
2014-07-05 15:50:27 ==> 404 - Request Page Not Found ! ERROR(404):  the controller file ./app/c/user.php does not exists
2014-07-05 15:50:55 ==> 404 - Request Page Not Found ! ERROR(404):  the controller file ./app/c/user.php does not exists
2014-07-05 16:03:59 ==> 500 - Internet Server Error ! ERROR(500):  Can not autoload class file stu.php
2014-07-05 16:04:35 ==> 500 - Internet Server Error ! ERROR(500):  Can not autoload class file stu.php
2014-07-05 16:05:01 ==> 500 - Internet Server Error ! ERROR(500):  Can not autoload class file stu.php
2014-07-05 16:05:14 ==> 500 - Internet Server Error ! ERROR(500):  Can not autoload class file stu.php
2014-07-05 16:06:54 ==> 500 - Internet Server Error ! ERROR(500):  Can not autoload class file stu.php
2014-07-05 16:06:55 ==> 500 - Internet Server Error ! ERROR(500):  Can not autoload class file stu.php
2014-07-05 16:06:55 ==> 500 - Internet Server Error ! ERROR(500):  Can not autoload class file stu.php
2014-07-05 16:06:57 ==> 500 - Internet Server Error ! ERROR(500):  Can not autoload class file stu.php
2014-07-05 16:06:58 ==> 500 - Internet Server Error ! ERROR(500):  Can not autoload class file stu.php
2014-07-05 16:06:58 ==> 500 - Internet Server Error ! ERROR(500):  Can not autoload class file stu.php
2014-07-05 16:07:16 ==> 500 - Internet Server Error ! ERROR(500):  Can not autoload class file stu.php
2014-07-05 16:07:17 ==> 500 - Internet Server Error ! ERROR(500):  Can not autoload class file stu.php
2014-07-05 16:07:17 ==> 500 - Internet Server Error ! ERROR(500):  Can not autoload class file stu.php
2014-07-05 16:07:32 ==> 500 - Internet Server Error ! ERROR(500):  Can not autoload class file stu.php
2014-07-05 16:07:33 ==> 500 - Internet Server Error ! ERROR(500):  Can not autoload class file stu.php
2014-07-05 16:07:33 ==> 500 - Internet Server Error ! ERROR(500):  Can not autoload class file stu.php
2014-07-05 16:07:33 ==> 500 - Internet Server Error ! ERROR(500):  Can not autoload class file stu.php
2014-07-05 16:08:02 ==> 500 - Internet Server Error ! ERROR(500):  Can not autoload class file stu.php
2014-07-05 16:13:05 ==> 500 - Internet Server Error ! ERROR(500):  Can not autoload class file stu.php
2014-07-05 16:16:51 ==> 500 - Internet Server Error ! ERROR(500):  Can not autoload class file stu.php
2014-07-05 16:20:03 ==> An error occurred at D:\php\htdocs\app\c\user.php on line 16 ERROR(2):  Missing argument 1 for user::stu()
2014-07-05 16:20:32 ==> 404 - Request Page Not Found ! ERROR(404):  class stu does not contain method 2220
2014-07-05 16:21:50 ==> 404 - Request Page Not Found ! ERROR(404):  class stu does not contain method 2220
2014-07-05 16:21:51 ==> 404 - Request Page Not Found ! ERROR(404):  class stu does not contain method 2220
2014-07-05 16:21:51 ==> 404 - Request Page Not Found ! ERROR(404):  class stu does not contain method 2220
2014-07-05 16:21:56 ==> 404 - Request Page Not Found ! ERROR(404):  class stu does not contain method 2220
2014-07-05 16:21:56 ==> 404 - Request Page Not Found ! ERROR(404):  class stu does not contain method 2220
2014-07-05 16:21:57 ==> 404 - Request Page Not Found ! ERROR(404):  class stu does not contain method 2220
2014-07-05 16:29:22 ==> 500 - Internet Server Error ! ERROR(500):  Can not autoload class file base.php
2014-07-05 16:30:17 ==> 500 - Internet Server Error ! ERROR(500):  run sql [ SELECT * FROM ``post`` ORDER BY date DESC LIMIT 0,10  ] error :<br> SQLSTATE[42000]: Syntax error or access violation: 1103 Incorrect table name ''
2014-07-05 16:30:26 ==> An error occurred at D:\php\htdocs\app\v\blog\index.php on line 9 ERROR(8):  Undefined index: date
2014-07-05 16:30:31 ==> An error occurred at D:\php\htdocs\app\v\blog\index.php on line 9 ERROR(8):  Undefined index: date
2014-07-05 21:07:30 ==> An error occurred at D:\php\htdocs\app\s\core.php on line 11 ERROR(2):  Invalid argument supplied for foreach()
