2014-07-11 20:07:17 ==> 404 - Request Page Not Found ! ERROR(404):  the controller file D:\php\htdocs/app/c/about.php does not exists
2014-07-11 21:55:26 ==> An error occurred at D:\php\htdocs\app\c\base.php on line 35 ERROR(8):  Undefined variable: ip
2014-07-11 22:24:16 ==> An error occurred at D:\php\htdocs\app\c\home.php on line 70 ERROR(8):  Undefined variable: _SESSION
2014-07-11 22:31:23 ==> An error occurred at D:\php\htdocs\app\s\core.php on line 911 ERROR(2):  Missing argument 1 for session_set(), called in D:\php\htdocs\app\c\base.php on line 157 and defined
2014-07-11 23:39:36 ==> An error occurred at D:\php\htdocs\app\c\base.php on line 185 ERROR(8):  Undefined index: blockTime
2014-07-11 23:39:38 ==> An error occurred at D:\php\htdocs\app\c\base.php on line 185 ERROR(8):  Undefined index: blockTime
2014-07-11 23:52:38 ==> 404 - Request Page Not Found ! ERROR(404):  class base does not contain method block
2014-07-11 23:52:50 ==> An error occurred at D:\php\htdocs\app\c\base.php on line 215 ERROR(2):  Missing argument 1 for base::block()
2014-07-11 23:52:57 ==> 404 - Request Page Not Found ! ERROR(404):  class base does not contain method block
2014-07-11 23:55:06 ==> 404 - Request Page Not Found ! ERROR(404):  class base does not contain method block
2014-07-11 23:55:06 ==> 404 - Request Page Not Found ! ERROR(404):  class base does not contain method block
2014-07-11 23:55:06 ==> 404 - Request Page Not Found ! ERROR(404):  class base does not contain method block
2014-07-11 23:55:06 ==> 404 - Request Page Not Found ! ERROR(404):  class base does not contain method block
2014-07-11 23:55:06 ==> 404 - Request Page Not Found ! ERROR(404):  class base does not contain method block
2014-07-11 23:55:06 ==> 404 - Request Page Not Found ! ERROR(404):  class base does not contain method block
2014-07-11 23:55:07 ==> 404 - Request Page Not Found ! ERROR(404):  class base does not contain method block
2014-07-11 23:55:07 ==> 404 - Request Page Not Found ! ERROR(404):  class base does not contain method block
2014-07-11 23:55:07 ==> 404 - Request Page Not Found ! ERROR(404):  class base does not contain method block
2014-07-11 23:55:07 ==> 404 - Request Page Not Found ! ERROR(404):  class base does not contain method block
2014-07-11 23:55:07 ==> 404 - Request Page Not Found ! ERROR(404):  class base does not contain method block
2014-07-11 23:55:09 ==> 404 - Request Page Not Found ! ERROR(404):  class base does not contain method index
2014-07-11 23:55:26 ==> 404 - Request Page Not Found ! ERROR(404):  class base does not contain method index
2014-07-11 23:55:29 ==> An error occurred at D:\php\htdocs\app\c\base.php on line 46 ERROR(2):  Missing argument 1 for base::post()
2014-07-11 23:57:54 ==> 404 - Request Page Not Found ! ERROR(404):  class base does not contain method index
2014-07-11 23:57:58 ==> 404 - Request Page Not Found ! ERROR(404):  class base does not contain method index
