2014-08-02 23:04:55 ==> An error occurred at D:\git\mvc\src\app\system\core.php on line 467 ERROR(8):  Use of undefined constant APP_START_TIME - assumed 'APP_START_TIME'
2014-08-02 23:12:13 ==> An error occurred at D:\git\mvc\src\app\system\core.php on line 494 ERROR(8):  Use of undefined constant APP_START_TIME - assumed 'APP_START_TIME'
2014-08-02 23:12:15 ==> An error occurred at D:\git\mvc\src\app\system\core.php on line 494 ERROR(8):  Use of undefined constant APP_START_TIME - assumed 'APP_START_TIME'
2014-08-02 23:12:15 ==> An error occurred at D:\git\mvc\src\app\system\core.php on line 494 ERROR(8):  Use of undefined constant APP_START_TIME - assumed 'APP_START_TIME'
2014-08-02 23:12:17 ==> An error occurred at D:\git\mvc\src\app\system\core.php on line 494 ERROR(8):  Use of undefined constant APP_START_TIME - assumed 'APP_START_TIME'
2014-08-02 23:12:17 ==> An error occurred at D:\git\mvc\src\app\system\core.php on line 494 ERROR(8):  Use of undefined constant APP_START_TIME - assumed 'APP_START_TIME'
2014-08-02 23:19:12 ==> An error occurred at D:\git\mvc\src\app\system\core.php on line 33 ERROR(8):  Use of undefined constant CLI - assumed 'CLI'
2014-08-02 23:19:51 ==> An error occurred at D:\git\mvc\src\app\system\core.php on line 33 ERROR(8):  Use of undefined constant CLI - assumed 'CLI'
2014-08-02 23:19:59 ==> An error occurred at D:\git\mvc\src\app\system\core.php on line 215 ERROR(8):  Use of undefined constant MAX_URL_LENGTH - assumed 'MAX_URL_LENGTH'
2014-08-02 23:20:10 ==> An error occurred at D:\git\mvc\src\app\system\core.php on line 222 ERROR(8):  Use of undefined constant REGEX_ROUTER - assumed 'REGEX_ROUTER'
2014-08-02 23:20:20 ==> An error occurred at D:\git\mvc\src\app\system\core.php on line 234 ERROR(8):  Use of undefined constant DEFAULT_CONTROLLER - assumed 'DEFAULT_CONTROLLER'
2014-08-02 23:20:40 ==> An error occurred at D:\git\mvc\src\app\system\core.php on line 234 ERROR(8):  Use of undefined constant DEFAULT_CONTROLLER - assumed 'DEFAULT_CONTROLLER'
2014-08-02 23:20:41 ==> An error occurred at D:\git\mvc\src\app\system\core.php on line 234 ERROR(8):  Use of undefined constant DEFAULT_CONTROLLER - assumed 'DEFAULT_CONTROLLER'
2014-08-02 23:21:19 ==> An error occurred at D:\git\mvc\src\app\system\core.php on line 234 ERROR(8):  Use of undefined constant DEFAULT_CONTROLLER - assumed 'DEFAULT_CONTROLLER'
2014-08-02 23:21:46 ==> An error occurred at D:\git\mvc\src\app\system\core.php on line 439 ERROR(8):  Use of undefined constant GZIP - assumed 'GZIP'
2014-08-02 23:22:09 ==> An error occurred at D:\git\mvc\src\app\system\core.php on line 440 ERROR(8):  Use of undefined constant APP_START_TIME - assumed 'APP_START_TIME'
2014-08-02 23:25:31 ==> An error occurred at D:\git\mvc\src\app\system\core.php on line 36 ERROR(8):  Use of undefined constant CLI - assumed 'CLI'
2014-08-02 23:25:32 ==> An error occurred at D:\git\mvc\src\app\system\core.php on line 36 ERROR(8):  Use of undefined constant CLI - assumed 'CLI'
2014-08-02 23:25:32 ==> An error occurred at D:\git\mvc\src\app\system\core.php on line 36 ERROR(8):  Use of undefined constant CLI - assumed 'CLI'
2014-08-02 23:25:33 ==> An error occurred at D:\git\mvc\src\app\system\core.php on line 36 ERROR(8):  Use of undefined constant CLI - assumed 'CLI'
